[2025-05-09T12:37:41.348Z] GET /auth/verify 304 29.486 ms - -
[2025-05-09T12:37:42.388Z] GET /products-for-coupons 404 11.890 ms - 159
[2025-05-09T12:37:42.392Z] GET /unique-categories-from-tags 404 12.734 ms - 166
[2025-05-09T12:37:42.602Z] GET /api/Dashboard/products 404 2.669 ms - 161
[2025-05-09T12:37:42.608Z] GET /api/Dashboard/categories 404 3.449 ms - 163
[2025-05-09T12:37:42.930Z] GET /products-for-coupons 404 2.583 ms - 159
[2025-05-09T12:37:42.937Z] GET /unique-categories-from-tags 404 2.859 ms - 166
[2025-05-09T12:39:56.962Z] GET /auth/verify 304 6.114 ms - -
[2025-05-09T12:39:58.455Z] GET /products-for-coupons 404 5.072 ms - 159
[2025-05-09T12:39:58.466Z] GET /unique-categories-from-tags 404 4.659 ms - 166
[2025-05-09T12:39:58.786Z] GET /api/Dashboard/products 404 3.847 ms - 161
[2025-05-09T12:39:58.796Z] GET /api/Dashboard/categories 404 3.821 ms - 163
[2025-05-09T12:39:59.613Z] GET /products-for-coupons 404 2.645 ms - 159
[2025-05-09T12:39:59.622Z] GET /unique-categories-from-tags 404 3.814 ms - 166
[2025-05-09T14:20:12.080Z] GET /tags 304 137.830 ms - -
[2025-05-09T14:20:12.126Z] GET /api/products 304 166.447 ms - -
[2025-05-09T14:20:12.692Z] GET /uploads/imageFile-1742110718327-180924941.jpg 304 14.583 ms - -
[2025-05-09T14:20:12.695Z] GET /uploads/imageFile-1742111736933-288671671.jpg 304 12.497 ms - -
[2025-05-09T14:20:12.696Z] GET /uploads/imageFile-1742112169249-277445930.jpg 304 11.860 ms - -
[2025-05-09T14:20:12.703Z] GET /uploads/imageFile-1742111573182-479327541.jpg 304 13.974 ms - -
[2025-05-09T14:20:13.598Z] GET /uploads/imageFile-1742112541450-274482151.jpg 304 4.416 ms - -
[2025-05-09T14:20:13.600Z] GET /uploads/imageFile-1742112833141-97991746.jpg 304 4.611 ms - -
[2025-05-09T14:20:13.614Z] GET /uploads/imageFile-1742113696194-222778646.jpg 304 4.170 ms - -
[2025-05-09T14:20:13.626Z] GET /uploads/imageFile-1742114262028-722093488.jpg 304 4.859 ms - -
[2025-05-09T14:20:27.956Z] GET /csrf-token 200 3.937 ms - 52
[2025-05-09T14:20:28.190Z] GET /auth/verify 304 16.809 ms - -
[2025-05-09T14:20:28.323Z] GET /api/verify-geo 404 6.149 ms - 153
[2025-05-09T15:10:47.306Z] GET /csrf-token 200 1.874 ms - 52
[2025-05-09T15:10:47.595Z] GET /auth/verify 304 8.473 ms - -
[2025-05-09T15:10:47.730Z] GET /api/verify-geo 404 3.546 ms - 153
[2025-05-09T15:11:02.403Z] GET /tags 304 20568.977 ms - -
[2025-05-09T15:11:02.446Z] GET /api/products 304 20601.389 ms - -
[2025-05-09T15:11:15.780Z] GET /authentication/image/favicon/favicon.png 404 3.812 ms - 179
